# JRE version: OpenJDK Runtime Environment (17.0.4.1+1) (build 17.0.4.1+1-LTS)
# Java VM: OpenJDK 64-Bit Server VM (17.0.4.1+1-LTS, mixed mode, sharing, tiered, compressed oops, compressed class ptrs, g1 gc, windows-amd64)
GC Precious Log:
 CPUs: 8 total, 8 available
 Memory: 16078M
 Large Page Support: Disabled
 NUMA Support: Disabled
 Compressed Oops: Enabled (Zero based)
 Heap Region Size: 2M
 Heap Min Capacity: 8M
 Heap Initial Capacity: 252M
 Heap Max Capacity: 4020M
 Pre-touch: Disabled
 Parallel Workers: 8
 Concurrent Workers: 2
 Concurrent Refinement Workers: 8
 Periodic GC: Disabled
Heap:
 garbage-first heap   total 131072K, used 93998K [0x0000000704c00000, 0x0000000800000000)
  region size 2048K, 30 young (61440K), 3 survivors (6144K)
 Metaspace       used 91314K, committed 91904K, reserved 1130496K
  class space    used 12321K, committed 12608K, reserved 1048576K
GC Heap History (20 events):
Event: 5.043 GC heap before
{Heap before GC invocations=15 (full 0):
 garbage-first heap   total 90112K, used 69770K [0x0000000704c00000, 0x0000000800000000)
  region size 2048K, 23 young (47104K), 2 survivors (4096K)
 Metaspace       used 55980K, committed 56448K, reserved 1105920K
  class space    used 7286K, committed 7552K, reserved 1048576K
}
Event: 5.046 GC heap after
{Heap after GC invocations=16 (full 0):
 garbage-first heap   total 90112K, used 27370K [0x0000000704c00000, 0x0000000800000000)
  region size 2048K, 2 young (4096K), 2 survivors (4096K)
 Metaspace       used 55980K, committed 56448K, reserved 1105920K
  class space    used 7286K, committed 7552K, reserved 1048576K
}
Event: 5.435 GC heap before
{Heap before GC invocations=16 (full 0):
 garbage-first heap   total 90112K, used 68330K [0x0000000704c00000, 0x0000000800000000)
  region size 2048K, 23 young (47104K), 2 survivors (4096K)
 Metaspace       used 60123K, committed 60608K, reserved 1105920K
  class space    used 7812K, committed 8064K, reserved 1048576K
}
Event: 5.437 GC heap after
{Heap after GC invocations=17 (full 0):
 garbage-first heap   total 90112K, used 27940K [0x0000000704c00000, 0x0000000800000000)
  region size 2048K, 2 young (4096K), 2 survivors (4096K)
 Metaspace       used 60123K, committed 60608K, reserved 1105920K
  class space    used 7812K, committed 8064K, reserved 1048576K
}
Event: 5.864 GC heap before
{Heap before GC invocations=18 (full 0):
 garbage-first heap   total 90112K, used 70948K [0x0000000704c00000, 0x0000000800000000)
  region size 2048K, 23 young (47104K), 2 survivors (4096K)
 Metaspace       used 63925K, committed 64384K, reserved 1105920K
  class space    used 8593K, committed 8832K, reserved 1048576K
}
Event: 5.867 GC heap after
{Heap after GC invocations=19 (full 0):
 garbage-first heap   total 90112K, used 28520K [0x0000000704c00000, 0x0000000800000000)
  region size 2048K, 2 young (4096K), 2 survivors (4096K)
 Metaspace       used 63925K, committed 64384K, reserved 1105920K
  class space    used 8593K, committed 8832K, reserved 1048576K
}
Event: 6.265 GC heap before
{Heap before GC invocations=20 (full 0):
 garbage-first heap   total 90112K, used 71528K [0x0000000704c00000, 0x0000000800000000)
  region size 2048K, 23 young (47104K), 2 survivors (4096K)
 Metaspace       used 67525K, committed 68032K, reserved 1114112K
  class space    used 9089K, committed 9344K, reserved 1048576K
}
Event: 6.268 GC heap after
{Heap after GC invocations=21 (full 0):
 garbage-first heap   total 90112K, used 29839K [0x0000000704c00000, 0x0000000800000000)
  region size 2048K, 3 young (6144K), 3 survivors (6144K)
 Metaspace       used 67525K, committed 68032K, reserved 1114112K
  class space    used 9089K, committed 9344K, reserved 1048576K
}
Event: 6.582 GC heap before
{Heap before GC invocations=21 (full 0):
 garbage-first heap   total 90112K, used 68751K [0x0000000704c00000, 0x0000000800000000)
  region size 2048K, 22 young (45056K), 3 survivors (6144K)
 Metaspace       used 70750K, committed 71232K, reserved 1114112K
  class space    used 9510K, committed 9728K, reserved 1048576K
}
Event: 6.586 GC heap after
{Heap after GC invocations=22 (full 0):
 garbage-first heap   total 108544K, used 31024K [0x0000000704c00000, 0x0000000800000000)
  region size 2048K, 2 young (4096K), 2 survivors (4096K)
 Metaspace       used 70750K, committed 71232K, reserved 1114112K
  class space    used 9510K, committed 9728K, reserved 1048576K
}
Event: 7.052 GC heap before
{Heap before GC invocations=22 (full 0):
 garbage-first heap   total 108544K, used 88368K [0x0000000704c00000, 0x0000000800000000)
  region size 2048K, 30 young (61440K), 2 survivors (4096K)
 Metaspace       used 74487K, committed 74944K, reserved 1114112K
  class space    used 10160K, committed 10368K, reserved 1048576K
}
Event: 7.056 GC heap after
{Heap after GC invocations=23 (full 0):
 garbage-first heap   total 108544K, used 33164K [0x0000000704c00000, 0x0000000800000000)
  region size 2048K, 4 young (8192K), 4 survivors (8192K)
 Metaspace       used 74487K, committed 74944K, reserved 1114112K
  class space    used 10160K, committed 10368K, reserved 1048576K
}
Event: 7.606 GC heap before
{Heap before GC invocations=23 (full 0):
 garbage-first heap   total 108544K, used 84364K [0x0000000704c00000, 0x0000000800000000)
  region size 2048K, 29 young (59392K), 4 survivors (8192K)
 Metaspace       used 76777K, committed 77248K, reserved 1122304K
  class space    used 10489K, committed 10752K, reserved 1048576K
}
Event: 7.612 GC heap after
{Heap after GC invocations=24 (full 0):
 garbage-first heap   total 108544K, used 35983K [0x0000000704c00000, 0x0000000800000000)
  region size 2048K, 4 young (8192K), 4 survivors (8192K)
 Metaspace       used 76777K, committed 77248K, reserved 1122304K
  class space    used 10489K, committed 10752K, reserved 1048576K
}
Event: 8.148 GC heap before
{Heap before GC invocations=24 (full 0):
 garbage-first heap   total 108544K, used 83087K [0x0000000704c00000, 0x0000000800000000)
  region size 2048K, 27 young (55296K), 4 survivors (8192K)
 Metaspace       used 79399K, committed 79936K, reserved 1122304K
  class space    used 10819K, committed 11072K, reserved 1048576K
}
Event: 8.154 GC heap after
{Heap after GC invocations=25 (full 0):
 garbage-first heap   total 108544K, used 38303K [0x0000000704c00000, 0x0000000800000000)
  region size 2048K, 3 young (6144K), 3 survivors (6144K)
 Metaspace       used 79399K, committed 79936K, reserved 1122304K
  class space    used 10819K, committed 11072K, reserved 1048576K
}
Event: 8.639 GC heap before
{Heap before GC invocations=25 (full 0):
 garbage-first heap   total 108544K, used 87455K [0x0000000704c00000, 0x0000000800000000)
  region size 2048K, 27 young (55296K), 3 survivors (6144K)
 Metaspace       used 81188K, committed 81664K, reserved 1122304K
  class space    used 11070K, committed 11264K, reserved 1048576K
}
Event: 8.646 GC heap after
{Heap after GC invocations=26 (full 0):
 garbage-first heap   total 108544K, used 41239K [0x0000000704c00000, 0x0000000800000000)
  region size 2048K, 3 young (6144K), 3 survivors (6144K)
 Metaspace       used 81188K, committed 81664K, reserved 1122304K
  class space    used 11070K, committed 11264K, reserved 1048576K
}
Event: 9.054 GC heap before
{Heap before GC invocations=26 (full 0):
 garbage-first heap   total 108544K, used 86295K [0x0000000704c00000, 0x0000000800000000)
  region size 2048K, 25 young (51200K), 3 survivors (6144K)
 Metaspace       used 85963K, committed 86464K, reserved 1130496K
  class space    used 11672K, committed 11904K, reserved 1048576K
}
Event: 9.061 GC heap after
{Heap after GC invocations=27 (full 0):
 garbage-first heap   total 131072K, used 42798K [0x0000000704c00000, 0x0000000800000000)
  region size 2048K, 3 young (6144K), 3 survivors (6144K)
 Metaspace       used 85963K, committed 86464K, reserved 1130496K
  class space    used 11672K, committed 11904K, reserved 1048576K
}

